<?xml version="1.0" encoding="UTF-8"?>
<!-- Generated by org.testng.reporters.JUnitReportReporter -->
<testsuite hostname="CLW606-959" failures="0" tests="1" name="testCases.TC_001_AccountRegistrationTest" time="1.747" errors="0" timestamp="2022-12-15T22:49:55 IST" skipped="0">
  <testcase classname="testCases.TC_001_AccountRegistrationTest" name="test_Account_Registration" time="1.747"/>
  <system-out/>
</testsuite> <!-- testCases.TC_001_AccountRegistrationTest -->
