<?xml version="1.0" encoding="UTF-8"?>
<!-- Generated by org.testng.reporters.JUnitReportReporter -->
<testsuite hostname="CLW606-959" failures="0" tests="1" name="testCases.TC_001_AccountRegistrationTest" time="3.331" errors="0" timestamp="2022-12-19T14:52:56 IST" skipped="0">
  <testcase classname="testCases.TC_001_AccountRegistrationTest" name="test_Account_Registration" time="3.331"/>
  <system-out/>
</testsuite> <!-- testCases.TC_001_AccountRegistrationTest -->
